#
# There is insufficient memory for the Java Runtime Environment to continue.
# Native memory allocation (malloc) failed to allocate 1048576 bytes for AllocateHeap
# Possible reasons:
#   The system is out of physical RAM or swap space
#   The process is running with CompressedOops enabled, and the Java Heap may be blocking the growth of the native heap
# Possible solutions:
#   Reduce memory load on the system
#   Increase physical memory or swap space
#   Check if swap backing store is full
#   Decrease Java heap size (-Xmx/-Xms)
#   Decrease number of Java threads
#   Decrease Java thread stack sizes (-Xss)
#   Set larger code cache with -XX:ReservedCodeCacheSize=
#   JVM is running with Unscaled Compressed Oops mode in which the Java heap is
#     placed in the first 4GB address space. The Java Heap base address is the
#     maximum limit for the native heap growth. Please use -XX:HeapBaseMinAddress
#     to set the Java Heap base and to place the Java Heap above 4GB virtual address.
# This output file may be truncated or incomplete.
#
#  Out of Memory Error (memory/allocation.inline.hpp:61), pid=147580, tid=0x000000000001fc18
#
# JRE version:  (8.0_231-b11) (build )
# Java VM: Java HotSpot(TM) 64-Bit Server VM (25.231-b11 mixed mode windows-amd64 compressed oops)
# Failed to write core dump. Minidumps are not enabled by default on client versions of Windows
#

---------------  T H R E A D  ---------------

Current thread (0x0000000002ca6800):  JavaThread "Unknown thread" [_thread_in_vm, id=130072, stack(0x0000000002ba0000,0x0000000002ca0000)]

Stack: [0x0000000002ba0000,0x0000000002ca0000]
[error occurred during error reporting (printing stack bounds), id 0xc0000005]

Native frames: (J=compiled Java code, j=interpreted, Vv=VM code, C=native code)


---------------  P R O C E S S  ---------------

Java Threads: ( => current thread )

Other Threads:

=>0x0000000002ca6800 (exited) JavaThread "Unknown thread" [_thread_in_vm, id=130072, stack(0x0000000002ba0000,0x0000000002ca0000)]

VM state:not at safepoint (normal execution)

VM Mutex/Monitor currently owned by a thread: None

heap address: 0x00000000fc000000, size: 64 MB, Compressed Oops mode: 32-bit
Narrow klass base: 0x0000000000000000, Narrow klass shift: 3
Compressed class space size: 1073741824 Address: 0x0000000100000000

Heap:
 PSYoungGen      total 18944K, used 327K [0x00000000feb00000, 0x0000000100000000, 0x0000000100000000)
  eden space 16384K, 2% used [0x00000000feb00000,0x00000000feb51ec8,0x00000000ffb00000)
  from space 2560K, 0% used [0x00000000ffd80000,0x00000000ffd80000,0x0000000100000000)
  to   space 2560K, 0% used [0x00000000ffb00000,0x00000000ffb00000,0x00000000ffd80000)
 ParOldGen       total 44032K, used 0K [0x00000000fc000000, 0x00000000feb00000, 0x00000000feb00000)
  object space 44032K, 0% used [0x00000000fc000000,0x00000000fc000000,0x00000000feb00000)
 Metaspace       used 776K, capacity 4480K, committed 4480K, reserved 1056768K
  class space    used 76K, capacity 384K, committed 384K, reserved 1048576K

Card table byte_map: [0x0000000002aa0000,0x0000000002ad0000] byte_map_base: 0x00000000022c0000

Marking Bits: (ParMarkBitMap*) 0x0000000051cb6d90
 Begin Bits: [0x0000000012960000, 0x0000000012a60000)
 End Bits:   [0x0000000012a60000, 0x0000000012b60000)

Polling page: 0x0000000000f50000

CodeCache: size=245760Kb used=328Kb max_used=328Kb free=245431Kb
 bounds [0x0000000002da0000, 0x0000000003010000, 0x0000000011da0000]
 total_blobs=58 nmethods=0 adapters=38
 compilation: enabled

Compilation events (0 events):
No events

GC Heap History (0 events):
No events

Deoptimization events (0 events):
No events

Classes redefined (0 events):
No events

Internal exceptions (0 events):
No events

Events (10 events):
Event: 0.063 loading class java/lang/Short
Event: 0.063 loading class java/lang/Short done
Event: 0.063 loading class java/lang/Integer
Event: 0.063 loading class java/lang/Integer done
Event: 0.063 loading class java/lang/Long
Event: 0.063 loading class java/lang/Long done
Event: 0.064 loading class java/lang/NullPointerException
Event: 0.064 loading class java/lang/NullPointerException done
Event: 0.064 loading class java/lang/ArithmeticException
Event: 0.064 loading class java/lang/ArithmeticException done


Dynamic libraries:
0x00007ff6fae50000 - 0x00007ff6fae87000 	C:\Program Files\Java\jdk1.8.0_231\bin\java.exe
0x00007ff87dac0000 - 0x00007ff87dcb0000 	C:\WINDOWS\SYSTEM32\ntdll.dll
0x00007ff87d7e0000 - 0x00007ff87d892000 	C:\WINDOWS\System32\KERNEL32.DLL
0x00007ff87b640000 - 0x00007ff87b8e3000 	C:\WINDOWS\System32\KERNELBASE.dll
0x00007ff87ccc0000 - 0x00007ff87cd63000 	C:\WINDOWS\System32\ADVAPI32.dll
0x00007ff87c2d0000 - 0x00007ff87c36e000 	C:\WINDOWS\System32\msvcrt.dll
0x00007ff87c230000 - 0x00007ff87c2c7000 	C:\WINDOWS\System32\sechost.dll
0x00007ff87ce60000 - 0x00007ff87cf80000 	C:\WINDOWS\System32\RPCRT4.dll
0x00007ff87beb0000 - 0x00007ff87c044000 	C:\WINDOWS\System32\USER32.dll
0x00007ff87b610000 - 0x00007ff87b631000 	C:\WINDOWS\System32\win32u.dll
0x00007ff87d8a0000 - 0x00007ff87d8c6000 	C:\WINDOWS\System32\GDI32.dll
0x00007ff87b3a0000 - 0x00007ff87b534000 	C:\WINDOWS\System32\gdi32full.dll
0x00007ff87b540000 - 0x00007ff87b5de000 	C:\WINDOWS\System32\msvcp_win.dll
0x00007ff87b2a0000 - 0x00007ff87b39a000 	C:\WINDOWS\System32\ucrtbase.dll
0x00007ff86c710000 - 0x00007ff86c995000 	C:\WINDOWS\WinSxS\amd64_microsoft.windows.common-controls_6595b64144ccf1df_6.0.18362.592_none_e6c0b1911312be02\COMCTL32.dll
0x00007ff87bb70000 - 0x00007ff87bea6000 	C:\WINDOWS\System32\combase.dll
0x00007ff87baa0000 - 0x00007ff87bb20000 	C:\WINDOWS\System32\bcryptPrimitives.dll
0x00007ff87d8d0000 - 0x00007ff87d8fe000 	C:\WINDOWS\System32\IMM32.DLL
0x0000000051d40000 - 0x0000000051e12000 	C:\Program Files\Java\jdk1.8.0_231\jre\bin\msvcr100.dll
0x0000000051490000 - 0x0000000051d36000 	C:\Program Files\Java\jdk1.8.0_231\jre\bin\server\jvm.dll
0x00007ff87d760000 - 0x00007ff87d768000 	C:\WINDOWS\System32\PSAPI.DLL
0x00007ff864250000 - 0x00007ff864259000 	C:\WINDOWS\SYSTEM32\WSOCK32.dll
0x00007ff872770000 - 0x00007ff872794000 	C:\WINDOWS\SYSTEM32\WINMM.dll
0x00007ff87d6e0000 - 0x00007ff87d74f000 	C:\WINDOWS\System32\WS2_32.dll
0x00007ff879040000 - 0x00007ff87904a000 	C:\WINDOWS\SYSTEM32\VERSION.dll
0x00007ff872530000 - 0x00007ff87255d000 	C:\WINDOWS\SYSTEM32\WINMMBASE.dll
0x00007ff87bb20000 - 0x00007ff87bb6a000 	C:\WINDOWS\System32\cfgmgr32.dll
0x00007ff876bf0000 - 0x00007ff876bff000 	C:\Program Files\Java\jdk1.8.0_231\jre\bin\verify.dll
0x00007ff865fc0000 - 0x00007ff865fe9000 	C:\Program Files\Java\jdk1.8.0_231\jre\bin\java.dll
0x00007ff8661d0000 - 0x00007ff8661e6000 	C:\Program Files\Java\jdk1.8.0_231\jre\bin\zip.dll

VM Arguments:
jvm_args: -Xmx64m -Xms64m -Dorg.gradle.appname=gradlew 
java_command: org.gradle.wrapper.GradleWrapperMain app:installDebug -PreactNativeDevServerPort=8081
java_class_path (initial): C:\Users\novav\Documents\GitHub\BishenWalletApp\android\\gradle\wrapper\gradle-wrapper.jar
Launcher Type: SUN_STANDARD

Environment Variables:
JAVA_HOME=C:\Program Files\Java\jdk1.8.0_231
CLASSPATH=C:\Users\novav\Documents\GitHub\BishenWalletApp\android\\gradle\wrapper\gradle-wrapper.jar
USERNAME=novav
OS=Windows_NT
PROCESSOR_IDENTIFIER=Intel64 Family 6 Model 142 Stepping 10, GenuineIntel



---------------  S Y S T E M  ---------------

OS: Windows 10.0 , 64 bit Build 18362 (10.0.18362.329)

CPU:total 8 (initial active 8) (4 cores per cpu, 2 threads per core) family 6 model 142 stepping 10, cmov, cx8, fxsr, mmx, sse, sse2, sse3, ssse3, sse4.1, sse4.2, popcnt, avx, avx2, aes, clmul, erms, 3dnowpref, lzcnt, ht, tsc, tscinvbit, bmi1, bmi2, adx

Memory: 4k page, physical 16658532k(718212k free), swap 34895328k(5688k free)

vm_info: Java HotSpot(TM) 64-Bit Server VM (25.231-b11) for windows-amd64 JRE (1.8.0_231-b11), built on Oct  5 2019 03:11:30 by "java_re" with MS VC++ 10.0 (VS2010)

time: Thu Feb 13 02:00:57 2020
timezone: 中国标准时间
elapsed time: 0 seconds (0d 0h 0m 0s)

