#
# There is insufficient memory for the Java Runtime Environment to continue.
# Native memory allocation (malloc) failed to allocate 1098416 bytes for Chunk::new
# Possible reasons:
#   The system is out of physical RAM or swap space
#   The process is running with CompressedOops enabled, and the Java Heap may be blocking the growth of the native heap
# Possible solutions:
#   Reduce memory load on the system
#   Increase physical memory or swap space
#   Check if swap backing store is full
#   Decrease Java heap size (-Xmx/-Xms)
#   Decrease number of Java threads
#   Decrease Java thread stack sizes (-Xss)
#   Set larger code cache with -XX:ReservedCodeCacheSize=
#   JVM is running with Unscaled Compressed Oops mode in which the Java heap is
#     placed in the first 4GB address space. The Java Heap base address is the
#     maximum limit for the native heap growth. Please use -XX:HeapBaseMinAddress
#     to set the Java Heap base and to place the Java Heap above 4GB virtual address.
# This output file may be truncated or incomplete.
#
#  Out of Memory Error (allocation.cpp:389), pid=60668, tid=0x0000000000015820
#
# JRE version: Java(TM) SE Runtime Environment (8.0_231-b11) (build 1.8.0_231-b11)
# Java VM: Java HotSpot(TM) 64-Bit Server VM (25.231-b11 mixed mode windows-amd64 compressed oops)
# Failed to write core dump. Minidumps are not enabled by default on client versions of Windows
#

---------------  T H R E A D  ---------------

Current thread (0x0000000016bfc800):  JavaThread "C2 CompilerThread0" daemon [_thread_in_native, id=88096, stack(0x00000000173c0000,0x00000000174c0000)]

Stack: [0x00000000173c0000,0x00000000174c0000]
[error occurred during error reporting (printing stack bounds), id 0xc0000005]

Native frames: (J=compiled Java code, j=interpreted, Vv=VM code, C=native code)


Current CompileTask:
C2: 527297 22815       4       com.sun.tools.javac.parser.JavacParser::term3 (2502 bytes)


---------------  P R O C E S S  ---------------

Java Threads: ( => current thread )
  0x0000000018c2b800 JavaThread "ForkJoinPool.commonPool-worker-2" daemon [_thread_blocked, id=166836, stack(0x0000000027690000,0x0000000027790000)]
  0x0000000018c21000 JavaThread "Cache worker for Java compile cache (C:\Users\novav\Documents\GitHub\BishenWalletApp\android\.gradle\5.5\javaCompile)" [_thread_blocked, id=204560, stack(0x0000000025ec0000,0x0000000025fc0000)]
  0x0000000018c22000 JavaThread "Cache worker for execution history cache (C:\Users\novav\Documents\GitHub\BishenWalletApp\android\.gradle\5.5\executionHistory)" [_thread_blocked, id=4560, stack(0x00000000259c0000,0x0000000025ac0000)]
  0x0000000018c23800 JavaThread "Execution worker for ':' Thread 7" [_thread_in_native, id=215404, stack(0x00000000253c0000,0x00000000254c0000)]
  0x0000000018c25000 JavaThread "Execution worker for ':' Thread 6" [_thread_blocked, id=202500, stack(0x0000000025180000,0x0000000025280000)]
  0x0000000018c28000 JavaThread "Execution worker for ':' Thread 5" [_thread_blocked, id=214400, stack(0x0000000025080000,0x0000000025180000)]
  0x0000000018c27000 JavaThread "Execution worker for ':' Thread 4" [_thread_in_Java, id=210760, stack(0x0000000024f80000,0x0000000025080000)]
  0x0000000018c26800 JavaThread "Execution worker for ':' Thread 3" [_thread_blocked, id=212296, stack(0x0000000024e80000,0x0000000024f80000)]
  0x000000001df38000 JavaThread "Execution worker for ':' Thread 2" [_thread_blocked, id=211452, stack(0x00000000244b0000,0x00000000245b0000)]
  0x000000001df37000 JavaThread "Execution worker for ':'" [_thread_in_native, id=208528, stack(0x0000000024330000,0x0000000024430000)]
  0x000000001df3b000 JavaThread "Cache worker for file content cache (C:\Users\novav\Documents\GitHub\BishenWalletApp\android\.gradle\5.5\fileContent)" [_thread_blocked, id=71068, stack(0x0000000022220000,0x0000000022320000)]
  0x000000001df3a000 JavaThread "Cache worker for Build Output Cleanup Cache (C:\Users\novav\Documents\GitHub\BishenWalletApp\android\.gradle\buildOutputCleanup)" [_thread_blocked, id=197152, stack(0x0000000021520000,0x0000000021620000)]
  0x000000001df3b800 JavaThread "Build operations Thread 8" [_thread_blocked, id=203988, stack(0x0000000021220000,0x0000000021320000)]
  0x000000001df38800 JavaThread "Build operations Thread 7" [_thread_blocked, id=214508, stack(0x0000000021120000,0x0000000021220000)]
  0x000000001df36800 JavaThread "Build operations Thread 6" [_thread_blocked, id=230096, stack(0x0000000021020000,0x0000000021120000)]
  0x000000001df35800 JavaThread "Build operations Thread 5" [_thread_blocked, id=128608, stack(0x0000000020f20000,0x0000000021020000)]
  0x000000001df2d800 JavaThread "Build operations Thread 4" [_thread_blocked, id=213876, stack(0x0000000020e20000,0x0000000020f20000)]
  0x000000001df34000 JavaThread "Build operations Thread 3" [_thread_blocked, id=211928, stack(0x0000000020d20000,0x0000000020e20000)]
  0x000000001df2c800 JavaThread "Build operations Thread 2" [_thread_blocked, id=184368, stack(0x0000000020920000,0x0000000020a20000)]
  0x000000001df32800 JavaThread "Build operations" [_thread_blocked, id=59008, stack(0x0000000020820000,0x0000000020920000)]
  0x000000001df32000 JavaThread "Cache worker for cache directory md-rule (C:\Users\novav\.gradle\caches\5.5\md-rule)" [_thread_blocked, id=213124, stack(0x000000001dd00000,0x000000001de00000)]
  0x00000000183b6000 JavaThread "Cache worker for cache directory md-supplier (C:\Users\novav\.gradle\caches\5.5\md-supplier)" [_thread_blocked, id=183856, stack(0x000000001d9b0000,0x000000001dab0000)]
  0x00000000183af800 JavaThread "Cache worker for file hash cache (C:\Users\novav\Documents\GitHub\BishenWalletApp\android\.gradle\5.5\fileHashes)" [_thread_blocked, id=202192, stack(0x000000001ad10000,0x000000001ae10000)]
  0x00000000183ad000 JavaThread "Thread-153" [_thread_blocked, id=119548, stack(0x000000001ac10000,0x000000001ad10000)]
  0x00000000183b4000 JavaThread "Stdin handler" [_thread_blocked, id=215476, stack(0x000000001ab10000,0x000000001ac10000)]
  0x00000000183ae800 JavaThread "Asynchronous log dispatcher for DefaultDaemonConnection: socket connection from /127.0.0.1:14806 to /127.0.0.1:3227" [_thread_blocked, id=190744, stack(0x000000001a810000,0x000000001a910000)]
  0x00000000183b2800 JavaThread "Daemon worker Thread 4" [_thread_in_native, id=188204, stack(0x000000001a710000,0x000000001a810000)]
  0x00000000183b1800 JavaThread "Cancel handler" [_thread_blocked, id=205852, stack(0x0000000001610000,0x0000000001710000)]
  0x00000000183b1000 JavaThread "Handler for socket connection from /127.0.0.1:14806 to /127.0.0.1:3227" [_thread_in_native, id=178572, stack(0x0000000001510000,0x0000000001610000)]
  0x00000000183b0000 JavaThread "Daemon Thread 4" [_thread_blocked, id=212712, stack(0x0000000001410000,0x0000000001510000)]
  0x000000001df2f000 JavaThread "Device List Monitor" [_thread_in_native, id=164420, stack(0x0000000027590000,0x0000000027690000)]
  0x000000001df33800 JavaThread "Monitor" [_thread_in_native, id=100096, stack(0x0000000027390000,0x0000000027490000)]
  0x0000000018c2a000 JavaThread "Cache worker for Java compile cache (C:\Users\novav\.gradle\caches\5.5\javaCompile)" [_thread_blocked, id=153256, stack(0x00000000258c0000,0x00000000259c0000)]
  0x00000000196e6000 JavaThread "Cache worker for file content cache (C:\Users\novav\.gradle\caches\5.5\fileContent)" [_thread_blocked, id=593972, stack(0x0000000023250000,0x0000000023350000)]
  0x00000000183ba800 JavaThread "Memory manager" [_thread_blocked, id=89724, stack(0x0000000022d50000,0x0000000022e50000)]
  0x00000000196e4800 JavaThread "Cache worker for execution history cache (C:\Users\novav\.gradle\caches\5.5\executionHistory)" [_thread_blocked, id=91540, stack(0x0000000020a20000,0x0000000020b20000)]
  0x00000000196e8800 JavaThread "Cache worker for journal cache (C:\Users\novav\.gradle\caches\journal-1)" [_thread_blocked, id=110476, stack(0x000000001b310000,0x000000001b410000)]
  0x00000000196e5800 JavaThread "File lock request listener" [_thread_in_native, id=145808, stack(0x000000001b210000,0x000000001b310000)]
  0x00000000196e9000 JavaThread "Cache worker for file hash cache (C:\Users\novav\.gradle\caches\5.5\fileHashes)" [_thread_blocked, id=129892, stack(0x000000001b110000,0x000000001b210000)]
  0x00000000189a6800 JavaThread "Daemon periodic checks" [_thread_blocked, id=99036, stack(0x000000001a610000,0x000000001a710000)]
  0x0000000018c0e800 JavaThread "Incoming local TCP Connector on port 14806" [_thread_in_native, id=158988, stack(0x000000001a460000,0x000000001a560000)]
  0x000000001853f000 JavaThread "Daemon health stats" [_thread_blocked, id=223040, stack(0x000000001a160000,0x000000001a260000)]
  0x0000000016c0a000 JavaThread "Service Thread" daemon [_thread_blocked, id=158372, stack(0x00000000177c0000,0x00000000178c0000)]
  0x0000000016c04000 JavaThread "C1 CompilerThread3" daemon [_thread_blocked, id=46012, stack(0x00000000176c0000,0x00000000177c0000)]
  0x0000000016c00000 JavaThread "C2 CompilerThread2" daemon [_thread_in_native, id=705344, stack(0x00000000175c0000,0x00000000176c0000)]
  0x0000000016bff800 JavaThread "C2 CompilerThread1" daemon [_thread_blocked, id=157884, stack(0x00000000174c0000,0x00000000175c0000)]
=>0x0000000016bfc800 JavaThread "C2 CompilerThread0" daemon [_thread_in_native, id=88096, stack(0x00000000173c0000,0x00000000174c0000)]
  0x0000000016bf7000 JavaThread "Attach Listener" daemon [_thread_blocked, id=98064, stack(0x00000000172c0000,0x00000000173c0000)]
  0x0000000016ba4800 JavaThread "Signal Dispatcher" daemon [_thread_blocked, id=134804, stack(0x00000000171c0000,0x00000000172c0000)]
  0x0000000016b81800 JavaThread "Finalizer" daemon [_thread_blocked, id=131228, stack(0x0000000017060000,0x0000000017160000)]
  0x0000000016b80800 JavaThread "Reference Handler" daemon [_thread_blocked, id=59752, stack(0x0000000016f60000,0x0000000017060000)]
  0x00000000033e6800 JavaThread "main" [_thread_blocked, id=124448, stack(0x0000000002f80000,0x0000000003080000)]

Other Threads:
  0x0000000014d88800 VMThread [stack: 0x0000000016a60000,0x0000000016b60000] [id=159344]
  0x0000000016c76000 WatcherThread [stack: 0x00000000178c0000,0x00000000179c0000] [id=675460]

VM state:not at safepoint (normal execution)

VM Mutex/Monitor currently owned by a thread: None

heap address: 0x00000000e0000000, size: 512 MB, Compressed Oops mode: 32-bit
Narrow klass base: 0x0000000000000000, Narrow klass shift: 3
Compressed class space size: 1073741824 Address: 0x0000000100000000

Heap:
 PSYoungGen      total 116736K, used 47630K [0x00000000f5580000, 0x0000000100000000, 0x0000000100000000)
  eden space 58880K, 30% used [0x00000000f5580000,0x00000000f670f040,0x00000000f8f00000)
  from space 57856K, 51% used [0x00000000fc780000,0x00000000fe474b00,0x0000000100000000)
  to   space 57856K, 0% used [0x00000000f8f00000,0x00000000f8f00000,0x00000000fc780000)
 ParOldGen       total 256512K, used 173910K [0x00000000e0000000, 0x00000000efa80000, 0x00000000f5580000)
  object space 256512K, 67% used [0x00000000e0000000,0x00000000ea9d5870,0x00000000efa80000)
 Metaspace       used 90674K, capacity 96250K, committed 96768K, reserved 1132544K
  class space    used 11689K, capacity 12952K, committed 13056K, reserved 1048576K

Card table byte_map: [0x0000000012990000,0x0000000012aa0000] byte_map_base: 0x0000000012290000

Marking Bits: (ParMarkBitMap*) 0x0000000051cb6d90
 Begin Bits: [0x00000000132a0000, 0x0000000013aa0000)
 End Bits:   [0x0000000013aa0000, 0x00000000142a0000)

Polling page: 0x0000000001760000

CodeCache: size=245760Kb used=62753Kb max_used=62764Kb free=183007Kb
 bounds [0x00000000035d0000, 0x0000000007380000, 0x00000000125d0000]
 total_blobs=18612 nmethods=17700 adapters=823
 compilation: enabled

Compilation events (10 events):
Event: 527.220 Thread 0x0000000016c04000 nmethod 22859 0x000000000395f210 code [0x000000000395f380, 0x000000000395f688]
Event: 527.224 Thread 0x0000000016c04000 22860       3       org.gradle.internal.FileUtils::hasExtension (9 bytes)
Event: 527.225 Thread 0x0000000016c04000 nmethod 22860 0x00000000048f8890 code [0x00000000048f8a00, 0x00000000048f8d88]
Event: 527.263 Thread 0x0000000016bff800 nmethod 22836 0x000000000733d850 code [0x000000000733db00, 0x000000000733efc0]
Event: 527.263 Thread 0x0000000016bff800 22843       4       com.sun.tools.javac.comp.Attr::attribArgs (118 bytes)
Event: 527.277 Thread 0x0000000016bff800 nmethod 22843 0x0000000004f14450 code [0x0000000004f14600, 0x0000000004f14dd8]
Event: 527.277 Thread 0x0000000016bff800 22861       4       sun.nio.fs.WindowsPath::equals (30 bytes)
Event: 527.292 Thread 0x0000000016bff800 nmethod 22861 0x0000000006abeb90 code [0x0000000006abed00, 0x0000000006abf3f8]
Event: 527.292 Thread 0x0000000016bff800 22818       4       com.sun.tools.javac.parser.JavacParser::typeArgumentsOpt (53 bytes)
Event: 527.294 Thread 0x0000000016bff800 nmethod 22818 0x00000000048f8490 code [0x00000000048f8600, 0x00000000048f8708]

GC Heap History (10 events):
Event: 517.915 GC heap before
{Heap before GC invocations=56 (full 4):
 PSYoungGen      total 116736K, used 60864K [0x00000000f5580000, 0x0000000100000000, 0x0000000100000000)
  eden space 58880K, 100% used [0x00000000f5580000,0x00000000f8f00000,0x00000000f8f00000)
  from space 57856K, 3% used [0x00000000f8f00000,0x00000000f90f0010,0x00000000fc780000)
  to   space 57856K, 0% used [0x00000000fc780000,0x00000000fc780000,0x0000000100000000)
 ParOldGen       total 256512K, used 154827K [0x00000000e0000000, 0x00000000efa80000, 0x00000000f5580000)
  object space 256512K, 60% used [0x00000000e0000000,0x00000000e9732d18,0x00000000efa80000)
 Metaspace       used 90465K, capacity 96090K, committed 96768K, reserved 1132544K
  class space    used 11680K, capacity 12938K, committed 13056K, reserved 1048576K
Event: 517.928 GC heap after
Heap after GC invocations=56 (full 4):
 PSYoungGen      total 115712K, used 3588K [0x00000000f5580000, 0x00000000fff00000, 0x0000000100000000)
  eden space 58880K, 0% used [0x00000000f5580000,0x00000000f5580000,0x00000000f8f00000)
  from space 56832K, 6% used [0x00000000fc780000,0x00000000fcb012d8,0x00000000fff00000)
  to   space 57344K, 0% used [0x00000000f8f00000,0x00000000f8f00000,0x00000000fc700000)
 ParOldGen       total 256512K, used 155846K [0x00000000e0000000, 0x00000000efa80000, 0x00000000f5580000)
  object space 256512K, 60% used [0x00000000e0000000,0x00000000e9831a40,0x00000000efa80000)
 Metaspace       used 90465K, capacity 96090K, committed 96768K, reserved 1132544K
  class space    used 11680K, capacity 12938K, committed 13056K, reserved 1048576K
}
Event: 524.577 GC heap before
{Heap before GC invocations=57 (full 4):
 PSYoungGen      total 115712K, used 62468K [0x00000000f5580000, 0x00000000fff00000, 0x0000000100000000)
  eden space 58880K, 100% used [0x00000000f5580000,0x00000000f8f00000,0x00000000f8f00000)
  from space 56832K, 6% used [0x00000000fc780000,0x00000000fcb012d8,0x00000000fff00000)
  to   space 57344K, 0% used [0x00000000f8f00000,0x00000000f8f00000,0x00000000fc700000)
 ParOldGen       total 256512K, used 155846K [0x00000000e0000000, 0x00000000efa80000, 0x00000000f5580000)
  object space 256512K, 60% used [0x00000000e0000000,0x00000000e9831a40,0x00000000efa80000)
 Metaspace       used 90604K, capacity 96208K, committed 96768K, reserved 1132544K
  class space    used 11684K, capacity 12945K, committed 13056K, reserved 1048576K
Event: 524.601 GC heap after
Heap after GC invocations=57 (full 4):
 PSYoungGen      total 77824K, used 18576K [0x00000000f5580000, 0x00000000ffa80000, 0x0000000100000000)
  eden space 58880K, 0% used [0x00000000f5580000,0x00000000f5580000,0x00000000f8f00000)
  from space 18944K, 98% used [0x00000000f8f00000,0x00000000fa124258,0x00000000fa180000)
  to   space 54272K, 0% used [0x00000000fc580000,0x00000000fc580000,0x00000000ffa80000)
 ParOldGen       total 256512K, used 155854K [0x00000000e0000000, 0x00000000efa80000, 0x00000000f5580000)
  object space 256512K, 60% used [0x00000000e0000000,0x00000000e9833a40,0x00000000efa80000)
 Metaspace       used 90604K, capacity 96208K, committed 96768K, reserved 1132544K
  class space    used 11684K, capacity 12945K, committed 13056K, reserved 1048576K
}
Event: 525.213 GC heap before
{Heap before GC invocations=58 (full 4):
 PSYoungGen      total 77824K, used 77456K [0x00000000f5580000, 0x00000000ffa80000, 0x0000000100000000)
  eden space 58880K, 100% used [0x00000000f5580000,0x00000000f8f00000,0x00000000f8f00000)
  from space 18944K, 98% used [0x00000000f8f00000,0x00000000fa124258,0x00000000fa180000)
  to   space 54272K, 0% used [0x00000000fc580000,0x00000000fc580000,0x00000000ffa80000)
 ParOldGen       total 256512K, used 155854K [0x00000000e0000000, 0x00000000efa80000, 0x00000000f5580000)
  object space 256512K, 60% used [0x00000000e0000000,0x00000000e9833a40,0x00000000efa80000)
 Metaspace       used 90629K, capacity 96220K, committed 96768K, reserved 1132544K
  class space    used 11685K, capacity 12947K, committed 13056K, reserved 1048576K
Event: 525.240 GC heap after
Heap after GC invocations=58 (full 4):
 PSYoungGen      total 114176K, used 28276K [0x00000000f5580000, 0x0000000100000000, 0x0000000100000000)
  eden space 59904K, 0% used [0x00000000f5580000,0x00000000f5580000,0x00000000f9000000)
  from space 54272K, 52% used [0x00000000fc580000,0x00000000fe11d0b8,0x00000000ffa80000)
  to   space 54784K, 0% used [0x00000000f9000000,0x00000000f9000000,0x00000000fc580000)
 ParOldGen       total 256512K, used 155862K [0x00000000e0000000, 0x00000000efa80000, 0x00000000f5580000)
  object space 256512K, 60% used [0x00000000e0000000,0x00000000e9835a40,0x00000000efa80000)
 Metaspace       used 90629K, capacity 96220K, committed 96768K, reserved 1132544K
  class space    used 11685K, capacity 12947K, committed 13056K, reserved 1048576K
}
Event: 525.840 GC heap before
{Heap before GC invocations=59 (full 4):
 PSYoungGen      total 114176K, used 88180K [0x00000000f5580000, 0x0000000100000000, 0x0000000100000000)
  eden space 59904K, 100% used [0x00000000f5580000,0x00000000f9000000,0x00000000f9000000)
  from space 54272K, 52% used [0x00000000fc580000,0x00000000fe11d0b8,0x00000000ffa80000)
  to   space 54784K, 0% used [0x00000000f9000000,0x00000000f9000000,0x00000000fc580000)
 ParOldGen       total 256512K, used 155862K [0x00000000e0000000, 0x00000000efa80000, 0x00000000f5580000)
  object space 256512K, 60% used [0x00000000e0000000,0x00000000e9835a40,0x00000000efa80000)
 Metaspace       used 90648K, capacity 96250K, committed 96768K, reserved 1132544K
  class space    used 11688K, capacity 12952K, committed 13056K, reserved 1048576K
Event: 525.890 GC heap after
Heap after GC invocations=59 (full 4):
 PSYoungGen      total 114688K, used 41080K [0x00000000f5580000, 0x0000000100000000, 0x0000000100000000)
  eden space 59904K, 0% used [0x00000000f5580000,0x00000000f5580000,0x00000000f9000000)
  from space 54784K, 74% used [0x00000000f9000000,0x00000000fb81e368,0x00000000fc580000)
  to   space 57856K, 0% used [0x00000000fc780000,0x00000000fc780000,0x0000000100000000)
 ParOldGen       total 256512K, used 155870K [0x00000000e0000000, 0x00000000efa80000, 0x00000000f5580000)
  object space 256512K, 60% used [0x00000000e0000000,0x00000000e9837a40,0x00000000efa80000)
 Metaspace       used 90648K, capacity 96250K, committed 96768K, reserved 1132544K
  class space    used 11688K, capacity 12952K, committed 13056K, reserved 1048576K
}
Event: 527.011 GC heap before
{Heap before GC invocations=60 (full 4):
 PSYoungGen      total 114688K, used 100984K [0x00000000f5580000, 0x0000000100000000, 0x0000000100000000)
  eden space 59904K, 100% used [0x00000000f5580000,0x00000000f9000000,0x00000000f9000000)
  from space 54784K, 74% used [0x00000000f9000000,0x00000000fb81e368,0x00000000fc580000)
  to   space 57856K, 0% used [0x00000000fc780000,0x00000000fc780000,0x0000000100000000)
 ParOldGen       total 256512K, used 155870K [0x00000000e0000000, 0x00000000efa80000, 0x00000000f5580000)
  object space 256512K, 60% used [0x00000000e0000000,0x00000000e9837a40,0x00000000efa80000)
 Metaspace       used 90665K, capacity 96250K, committed 96768K, reserved 1132544K
  class space    used 11689K, capacity 12952K, committed 13056K, reserved 1048576K
Event: 527.056 GC heap after
Heap after GC invocations=60 (full 4):
 PSYoungGen      total 116736K, used 29650K [0x00000000f5580000, 0x0000000100000000, 0x0000000100000000)
  eden space 58880K, 0% used [0x00000000f5580000,0x00000000f5580000,0x00000000f8f00000)
  from space 57856K, 51% used [0x00000000fc780000,0x00000000fe474b00,0x0000000100000000)
  to   space 57856K, 0% used [0x00000000f8f00000,0x00000000f8f00000,0x00000000fc780000)
 ParOldGen       total 256512K, used 173910K [0x00000000e0000000, 0x00000000efa80000, 0x00000000f5580000)
  object space 256512K, 67% used [0x00000000e0000000,0x00000000ea9d5870,0x00000000efa80000)
 Metaspace       used 90665K, capacity 96250K, committed 96768K, reserved 1132544K
  class space    used 11689K, capacity 12952K, committed 13056K, reserved 1048576K
}

Deoptimization events (10 events):
Event: 403.527 Thread 0x0000000018c26800 Uncommon trap: reason=class_check action=maybe_recompile pc=0x0000000007059518 method=com.google.common.collect.AbstractSetMultimap.get(Ljava/lang/Object;)Ljava/util/Set; @ 5
Event: 405.287 Thread 0x000000001df3b800 Uncommon trap: reason=null_check action=make_not_entrant pc=0x00000000070b47b8 method=org.gradle.util.GradleVersion.isCommitVersion(Ljava/util/regex/Matcher;)Z @ 7
Event: 405.802 Thread 0x0000000018c28000 Uncommon trap: reason=unstable_if action=reinterpret pc=0x000000000498245c method=org.gradle.internal.remote.internal.inet.SocketConnection$SocketOutputStream.writeWithNonBlockingRetry()I @ 41
Event: 407.289 Thread 0x000000001df38000 Uncommon trap: reason=unstable_if action=reinterpret pc=0x0000000006d3df9c method=java.util.concurrent.locks.AbstractQueuedSynchronizer.unparkSuccessor(Ljava/util/concurrent/locks/AbstractQueuedSynchronizer$Node;)V @ 22
Event: 517.600 Thread 0x00000000183b2800 Uncommon trap: reason=speculate_class_check action=maybe_recompile pc=0x0000000005a0d2e0 method=com.google.common.collect.CompactHashMap$Itr.<init>(Lcom/google/common/collect/CompactHashMap;)V @ 25
Event: 524.372 Thread 0x00000000183b2800 Uncommon trap: reason=unstable_if action=reinterpret pc=0x000000000484b258 method=org.gradle.api.internal.ConventionTask.getConventionMapping()Lorg/gradle/api/internal/ConventionMapping; @ 4
Event: 526.274 Thread 0x0000000018c25000 Uncommon trap: reason=predicate action=maybe_recompile pc=0x0000000006a866f8 method=org.gradle.internal.fingerprint.impl.EmptyCurrentFileCollectionFingerprint.visitChangesSince(Lorg/gradle/internal/fingerprint/FileCollectionFingerprint;Ljava/lang/String;Z
Event: 526.446 Thread 0x0000000018c25000 Uncommon trap: reason=unstable_if action=reinterpret pc=0x00000000057eadbc method=sun.nio.fs.WindowsPath.relativize(Ljava/nio/file/Path;)Lsun/nio/fs/WindowsPath; @ 113
Event: 526.915 Thread 0x0000000018c25000 Uncommon trap: reason=unstable_if action=reinterpret pc=0x000000000624a2dc method=com.sun.tools.javac.parser.UnicodeReader.<init>(Lcom/sun/tools/javac/parser/ScannerFactory;[CI)V @ 54
Event: 527.219 Thread 0x0000000018c25000 Uncommon trap: reason=bimorphic action=maybe_recompile pc=0x0000000003729420 method=java.util.AbstractQueue.clear()V @ 1

Classes redefined (0 events):
No events

Internal exceptions (10 events):
Event: 524.382 Thread 0x00000000183b2800 Exception <a 'java/lang/NullPointerException'> (0x00000000f78a6ed0) thrown at [C:\re\workspace\8-2-build-windows-amd64-cygwin\jdk8u231\13620\hotspot\src\share\vm\runtime\sharedRuntime.cpp, line 605]
Event: 524.386 Thread 0x00000000183b2800 Exception <a 'sun/nio/fs/WindowsException'> (0x00000000f78c71e0) thrown at [C:\re\workspace\8-2-build-windows-amd64-cygwin\jdk8u231\13620\hotspot\src\share\vm\prims\jni.cpp, line 710]
Event: 524.423 Thread 0x00000000183b2800 Exception <a 'sun/nio/fs/WindowsException'> (0x00000000f7be97d8) thrown at [C:\re\workspace\8-2-build-windows-amd64-cygwin\jdk8u231\13620\hotspot\src\share\vm\prims\jni.cpp, line 710]
Event: 524.465 Thread 0x00000000183b2800 Exception <a 'sun/nio/fs/WindowsException'> (0x00000000f7e78188) thrown at [C:\re\workspace\8-2-build-windows-amd64-cygwin\jdk8u231\13620\hotspot\src\share\vm\prims\jni.cpp, line 710]
Event: 524.513 Thread 0x00000000183b2800 Exception <a 'sun/nio/fs/WindowsException'> (0x00000000f82e9158) thrown at [C:\re\workspace\8-2-build-windows-amd64-cygwin\jdk8u231\13620\hotspot\src\share\vm\prims\jni.cpp, line 710]
Event: 526.524 Thread 0x0000000018c25000 Exception <a 'sun/nio/fs/WindowsException'> (0x00000000f735c980) thrown at [C:\re\workspace\8-2-build-windows-amd64-cygwin\jdk8u231\13620\hotspot\src\share\vm\prims\jni.cpp, line 710]
Event: 526.537 Thread 0x0000000018c25000 Exception <a 'sun/nio/fs/WindowsException'> (0x00000000f76100a8) thrown at [C:\re\workspace\8-2-build-windows-amd64-cygwin\jdk8u231\13620\hotspot\src\share\vm\prims\jni.cpp, line 710]
Event: 526.695 Thread 0x0000000018c25000 Exception <a 'sun/nio/fs/WindowsException'> (0x00000000f7bfc2e0) thrown at [C:\re\workspace\8-2-build-windows-amd64-cygwin\jdk8u231\13620\hotspot\src\share\vm\prims\jni.cpp, line 710]
Event: 527.261 Thread 0x0000000018c25000 Exception <a 'sun/nio/fs/WindowsException'> (0x00000000f6135cd8) thrown at [C:\re\workspace\8-2-build-windows-amd64-cygwin\jdk8u231\13620\hotspot\src\share\vm\prims\jni.cpp, line 710]
Event: 527.261 Thread 0x0000000018c25000 Exception <a 'sun/nio/fs/WindowsException'> (0x00000000f6139b88) thrown at [C:\re\workspace\8-2-build-windows-amd64-cygwin\jdk8u231\13620\hotspot\src\share\vm\prims\jni.cpp, line 710]

Events (10 events):
Event: 527.151 Executing VM operation: ForceSafepoint
Event: 527.152 Executing VM operation: ForceSafepoint done
Event: 527.175 Executing VM operation: ForceSafepoint
Event: 527.176 Executing VM operation: ForceSafepoint done
Event: 527.215 Executing VM operation: ForceSafepoint
Event: 527.215 Executing VM operation: ForceSafepoint done
Event: 527.219 Thread 0x0000000018c25000 Uncommon trap: trap_request=0xffffffc6 fr.pc=0x0000000003729420
Event: 527.219 Thread 0x0000000018c25000 DEOPT PACKING pc=0x0000000003729420 sp=0x000000002527b820
Event: 527.219 Thread 0x0000000018c25000 DEOPT UNPACKING pc=0x000000000361583b sp=0x000000002527b7d8 mode 2
Event: 527.261 Thread 0x0000000018c2b800 Thread added: 0x0000000018c2b800


Dynamic libraries:
0x00007ff6fae50000 - 0x00007ff6fae87000 	C:\Program Files\Java\jdk1.8.0_231\bin\java.exe
0x00007ff87dac0000 - 0x00007ff87dcb0000 	C:\WINDOWS\SYSTEM32\ntdll.dll
0x00007ff87d7e0000 - 0x00007ff87d892000 	C:\WINDOWS\System32\KERNEL32.DLL
0x00007ff87b640000 - 0x00007ff87b8e3000 	C:\WINDOWS\System32\KERNELBASE.dll
0x00007ff87ccc0000 - 0x00007ff87cd63000 	C:\WINDOWS\System32\ADVAPI32.dll
0x00007ff87c2d0000 - 0x00007ff87c36e000 	C:\WINDOWS\System32\msvcrt.dll
0x00007ff87c230000 - 0x00007ff87c2c7000 	C:\WINDOWS\System32\sechost.dll
0x00007ff87ce60000 - 0x00007ff87cf80000 	C:\WINDOWS\System32\RPCRT4.dll
0x00007ff87beb0000 - 0x00007ff87c044000 	C:\WINDOWS\System32\USER32.dll
0x00007ff87b610000 - 0x00007ff87b631000 	C:\WINDOWS\System32\win32u.dll
0x00007ff87d8a0000 - 0x00007ff87d8c6000 	C:\WINDOWS\System32\GDI32.dll
0x00007ff87b3a0000 - 0x00007ff87b534000 	C:\WINDOWS\System32\gdi32full.dll
0x00007ff87b540000 - 0x00007ff87b5de000 	C:\WINDOWS\System32\msvcp_win.dll
0x00007ff87b2a0000 - 0x00007ff87b39a000 	C:\WINDOWS\System32\ucrtbase.dll
0x00007ff86c710000 - 0x00007ff86c995000 	C:\WINDOWS\WinSxS\amd64_microsoft.windows.common-controls_6595b64144ccf1df_6.0.18362.592_none_e6c0b1911312be02\COMCTL32.dll
0x00007ff87bb70000 - 0x00007ff87bea6000 	C:\WINDOWS\System32\combase.dll
0x00007ff87baa0000 - 0x00007ff87bb20000 	C:\WINDOWS\System32\bcryptPrimitives.dll
0x00007ff87d8d0000 - 0x00007ff87d8fe000 	C:\WINDOWS\System32\IMM32.DLL
0x0000000051d40000 - 0x0000000051e12000 	C:\Program Files\Java\jdk1.8.0_231\jre\bin\msvcr100.dll
0x0000000051490000 - 0x0000000051d36000 	C:\Program Files\Java\jdk1.8.0_231\jre\bin\server\jvm.dll
0x00007ff87d760000 - 0x00007ff87d768000 	C:\WINDOWS\System32\PSAPI.DLL
0x00007ff864250000 - 0x00007ff864259000 	C:\WINDOWS\SYSTEM32\WSOCK32.dll
0x00007ff872770000 - 0x00007ff872794000 	C:\WINDOWS\SYSTEM32\WINMM.dll
0x00007ff879040000 - 0x00007ff87904a000 	C:\WINDOWS\SYSTEM32\VERSION.dll
0x00007ff87d6e0000 - 0x00007ff87d74f000 	C:\WINDOWS\System32\WS2_32.dll
0x00007ff872530000 - 0x00007ff87255d000 	C:\WINDOWS\SYSTEM32\WINMMBASE.dll
0x00007ff87bb20000 - 0x00007ff87bb6a000 	C:\WINDOWS\System32\cfgmgr32.dll
0x00007ff876bf0000 - 0x00007ff876bff000 	C:\Program Files\Java\jdk1.8.0_231\jre\bin\verify.dll
0x00007ff865fc0000 - 0x00007ff865fe9000 	C:\Program Files\Java\jdk1.8.0_231\jre\bin\java.dll
0x00007ff8661d0000 - 0x00007ff8661e6000 	C:\Program Files\Java\jdk1.8.0_231\jre\bin\zip.dll
0x00007ff87c430000 - 0x00007ff87cb15000 	C:\WINDOWS\System32\SHELL32.dll
0x00007ff87d9d0000 - 0x00007ff87da79000 	C:\WINDOWS\System32\shcore.dll
0x00007ff87ab20000 - 0x00007ff87b29f000 	C:\WINDOWS\System32\windows.storage.dll
0x00007ff87a9f0000 - 0x00007ff87aa0f000 	C:\WINDOWS\System32\profapi.dll
0x00007ff87a9a0000 - 0x00007ff87a9ea000 	C:\WINDOWS\System32\powrprof.dll
0x00007ff87a990000 - 0x00007ff87a9a0000 	C:\WINDOWS\System32\UMPDC.dll
0x00007ff87c3d0000 - 0x00007ff87c422000 	C:\WINDOWS\System32\shlwapi.dll
0x00007ff87aa10000 - 0x00007ff87aa21000 	C:\WINDOWS\System32\kernel.appcore.dll
0x00007ff87ab00000 - 0x00007ff87ab17000 	C:\WINDOWS\System32\cryptsp.dll
0x00007ff866050000 - 0x00007ff86606a000 	C:\Program Files\Java\jdk1.8.0_231\jre\bin\net.dll
0x00007ff87a200000 - 0x00007ff87a267000 	C:\WINDOWS\system32\mswsock.dll
0x00007ff865cb0000 - 0x00007ff865cc2000 	C:\Program Files\Java\jdk1.8.0_231\jre\bin\nio.dll
0x00007ff864800000 - 0x00007ff864826000 	C:\Users\novav\.gradle\native\29\windows-amd64\native-platform.dll
0x00007ff876a30000 - 0x00007ff876a3d000 	C:\Program Files\Java\jdk1.8.0_231\jre\bin\management.dll
0x00007ff879d70000 - 0x00007ff879da3000 	C:\WINDOWS\system32\rsaenh.dll
0x00007ff87b5e0000 - 0x00007ff87b606000 	C:\WINDOWS\System32\bcrypt.dll
0x00007ff87a8b0000 - 0x00007ff87a8d5000 	C:\WINDOWS\SYSTEM32\USERENV.dll
0x00007ff87a3d0000 - 0x00007ff87a3dc000 	C:\WINDOWS\SYSTEM32\CRYPTBASE.dll
0x00007ff879f10000 - 0x00007ff879f4a000 	C:\WINDOWS\SYSTEM32\IPHLPAPI.DLL
0x00007ff87d750000 - 0x00007ff87d758000 	C:\WINDOWS\System32\NSI.dll
0x00007ff875050000 - 0x00007ff875066000 	C:\WINDOWS\SYSTEM32\dhcpcsvc6.DLL
0x00007ff875030000 - 0x00007ff87504c000 	C:\WINDOWS\SYSTEM32\dhcpcsvc.DLL
0x00007ff879f50000 - 0x00007ff87a01a000 	C:\WINDOWS\SYSTEM32\DNSAPI.dll
0x00007ff8646a0000 - 0x00007ff8646c4000 	C:\Program Files\Java\jdk1.8.0_231\jre\bin\sunec.dll
0x00000000531f0000 - 0x0000000053216000 	C:\Program Files\Bonjour\mdnsNSP.dll
0x00007ff873d80000 - 0x00007ff873d8a000 	C:\Windows\System32\rasadhlp.dll
0x00007ff874a20000 - 0x00007ff874a97000 	C:\WINDOWS\System32\fwpuclnt.dll
0x00007ff879580000 - 0x00007ff87958b000 	C:\Program Files\Java\jdk1.8.0_231\jre\bin\sunmscapi.dll
0x00007ff87b950000 - 0x00007ff87ba99000 	C:\WINDOWS\System32\CRYPT32.dll
0x00007ff87aa30000 - 0x00007ff87aa42000 	C:\WINDOWS\System32\MSASN1.dll
0x00007ff8799f0000 - 0x00007ff879a21000 	C:\WINDOWS\SYSTEM32\ntmarta.dll

VM Arguments:
jvm_args: -XX:MaxMetaspaceSize=256m -XX:+HeapDumpOnOutOfMemoryError -Xms256m -Xmx512m -Dfile.encoding=GBK -Duser.country=CN -Duser.language=zh -Duser.variant 
java_command: org.gradle.launcher.daemon.bootstrap.GradleDaemon 5.5
java_class_path (initial): C:\Users\novav\.gradle\wrapper\dists\gradle-5.5-all\byeise1led9a3w3p149d02kfj\gradle-5.5\lib\gradle-launcher-5.5.jar
Launcher Type: SUN_STANDARD

Environment Variables:
JAVA_HOME=C:\Program Files\Java\jdk1.8.0_231
CLASSPATH=C:\Users\novav\Documents\GitHub\BishenWalletApp\android\\gradle\wrapper\gradle-wrapper.jar
USERNAME=novav
OS=Windows_NT
PROCESSOR_IDENTIFIER=Intel64 Family 6 Model 142 Stepping 10, GenuineIntel



---------------  S Y S T E M  ---------------

OS: Windows 10.0 , 64 bit Build 18362 (10.0.18362.329)

CPU:total 8 (initial active 8) (4 cores per cpu, 2 threads per core) family 6 model 142 stepping 10, cmov, cx8, fxsr, mmx, sse, sse2, sse3, ssse3, sse4.1, sse4.2, popcnt, avx, avx2, aes, clmul, erms, 3dnowpref, lzcnt, ht, tsc, tscinvbit, bmi1, bmi2, adx

Memory: 4k page, physical 16658532k(1006272k free), swap 34895328k(1184k free)

vm_info: Java HotSpot(TM) 64-Bit Server VM (25.231-b11) for windows-amd64 JRE (1.8.0_231-b11), built on Oct  5 2019 03:11:30 by "java_re" with MS VC++ 10.0 (VS2010)

time: Thu Feb 13 02:06:50 2020
timezone: 中国标准时间
elapsed time: 527 seconds (0d 0h 8m 47s)

